<?xml version="1.0" encoding="UTF-8"?>
<!-- Generated by org.testng.reporters.JUnitXMLReporter -->
<testsuite hostname="LAPTOP-8DF852S1" failures="0" tests="10" name="Default test" time="32.802" errors="0" timestamp="9 Mar 2024 18:01:56 GMT">
  <testcase classname="com.flipkart.FilterDellLaptops" name="search_Laptop" time="4.113"/>
  <testcase classname="com.flipkart.FilterDellLaptops" name="click_Brand" time="0.172"/>
  <testcase classname="com.flipkart.FilterDellLaptops" name="check_Dell_Brand" time="2.275"/>
  <testcase classname="com.flipkart.FilterDellLaptops" name="scroll_To_SSD_Capacity" time="3.468"/>
  <testcase classname="com.flipkart.FilterDellLaptops" name="check_512gb_Capacity" time="2.175"/>
  <testcase classname="com.flipkart.FilterDellLaptops" name="select_Min_Max_Price" time="4.521"/>
  <testcase classname="com.flipkart.FilterDellLaptops" name="get_Filtered_Dell_Laptop" time="4.131"/>
  <testcase classname="com.flipkart.FilterDellLaptops" name="create_Excel_File" time="0.003"/>
  <testcase classname="com.flipkart.FilterDellLaptops" name="store_Filtered_Data_In_Excel" time="0.008"/>
  <testcase classname="com.flipkart.FilterDellLaptops" name="compare_Excel_Data_With_Actual" time="0.011"/>
</testsuite> <!-- Default test -->
