<?xml version="1.0" encoding="UTF-8"?>
<!-- Generated by org.testng.reporters.JUnitXMLReporter -->
<testsuite hostname="LAPTOP-8DF852S1" failures="0" tests="5" name="Test" time="20.758" errors="0" timestamp="19 Feb 2024 13:19:11 GMT">
  <testcase classname="com.flipkart.FilterLaptops" name="search_Laptop" time="2.985"/>
  <testcase classname="com.flipkart.FilterLaptops" name="click_Brand" time="0.185"/>
  <testcase classname="com.flipkart.FilterLaptops" name="check_Dell_Brand" time="0.202"/>
  <testcase classname="com.flipkart.FilterLaptops" name="get_Filtered_Dell_Laptops" time="6.068"/>
  <testcase classname="com.flipkart.FilterLaptops" name="validate_Filtered_Data" time="0.6"/>
</testsuite> <!-- Test -->
