<?xml version="1.0" encoding="UTF-8"?>
<!-- Generated by org.testng.reporters.JUnitXMLReporter -->
<testsuite hostname="LAPTOP-8DF852S1" failures="0" tests="5" name="TestingInChrome" time="53.331" errors="0" timestamp="9 Mar 2024 06:37:00 GMT">
  <testcase classname="com.flipkart.FilterLaptops" name="search_Laptop" time="22.942"/>
  <testcase classname="com.flipkart.FilterLaptops" name="click_Brand" time="1.15"/>
  <testcase classname="com.flipkart.FilterLaptops" name="check_Dell_Brand" time="0.311"/>
  <testcase classname="com.flipkart.FilterLaptops" name="get_Filtered_Dell_Laptops" time="6.044"/>
  <testcase classname="com.flipkart.FilterLaptops" name="validate_Filtered_Data" time="0.077"/>
</testsuite> <!-- TestingInChrome -->
